  [4;36;1mSQL (0.3ms)[0m   [0;1m SELECT name
 FROM sqlite_master
 WHERE type = 'table' AND NOT name = 'sqlite_sequence'
[0m
  [4;35;1mSQL (0.2ms)[0m   [0mselect sqlite_version(*)[0m
  [4;36;1mSQL (2.4ms)[0m   [0;1mCREATE TABLE "schema_migrations" ("version" varchar(255) NOT NULL) [0m
  [4;35;1mSQL (2.4ms)[0m   [0mCREATE UNIQUE INDEX "unique_schema_migrations" ON "schema_migrations" ("version")[0m
  [4;36;1mSQL (0.4ms)[0m   [0;1m SELECT name
 FROM sqlite_master
 WHERE type = 'table' AND NOT name = 'sqlite_sequence'
[0m
  [4;35;1mSQL (0.1ms)[0m   [0mSELECT version FROM schema_migrations[0m
Migrating to CreateUsers (20090828014156)
  [4;36;1mSQL (0.2ms)[0m   [0;1m SELECT name
 FROM sqlite_master
 WHERE type = 'table' AND NOT name = 'sqlite_sequence'
[0m
  [4;35;1mSQL (0.5ms)[0m   [0mCREATE TABLE "users" ("id" INTEGER PRIMARY KEY AUTOINCREMENT NOT NULL, "login" varchar(40), "name" varchar(100) DEFAULT '', "email" varchar(100), "crypted_password" varchar(40), "salt" varchar(40), "created_at" datetime, "updated_at" datetime, "remember_token" varchar(40), "remember_token_expires_at" datetime) [0m
  [4;36;1mSQL (0.5ms)[0m   [0;1mCREATE UNIQUE INDEX "index_users_on_login" ON "users" ("login")[0m
  [4;35;1mSQL (0.2ms)[0m   [0mINSERT INTO schema_migrations (version) VALUES ('20090828014156')[0m
  [4;36;1mSQL (0.3ms)[0m   [0;1m SELECT name
 FROM sqlite_master
 WHERE type = 'table' AND NOT name = 'sqlite_sequence'
[0m
  [4;35;1mSQL (0.2ms)[0m   [0mSELECT version FROM schema_migrations[0m
  [4;36;1mSQL (0.2ms)[0m   [0;1m SELECT name
 FROM sqlite_master
 WHERE type = 'table' AND NOT name = 'sqlite_sequence'
[0m
  [4;35;1mSQL (0.1ms)[0m   [0mPRAGMA index_list("users")[0m
  [4;36;1mSQL (0.2ms)[0m   [0;1mPRAGMA index_info('index_users_on_login')[0m


Processing SessionsController#new (for 127.0.0.1 at 2009-08-27 22:59:00) [GET]
Redirected to http://localhost:3000/session/new
Filter chain halted as [:login_required] rendered_or_redirected.
Completed in 21ms (DB: 0) | 302 Found [http://localhost/session/new]


Processing SessionsController#new (for 127.0.0.1 at 2009-08-27 22:59:00) [GET]
Redirected to http://localhost:3000/session/new
Filter chain halted as [:login_required] rendered_or_redirected.
Completed in 1ms (DB: 0) | 302 Found [http://localhost/session/new]


Processing SessionsController#new (for 127.0.0.1 at 2009-08-27 22:59:00) [GET]
Redirected to http://localhost:3000/session/new
Filter chain halted as [:login_required] rendered_or_redirected.
Completed in 1ms (DB: 0) | 302 Found [http://localhost/session/new]


Processing SessionsController#new (for 127.0.0.1 at 2009-08-27 22:59:00) [GET]
Redirected to http://localhost:3000/session/new
Filter chain halted as [:login_required] rendered_or_redirected.
Completed in 1ms (DB: 0) | 302 Found [http://localhost/session/new]


Processing SessionsController#new (for 127.0.0.1 at 2009-08-27 22:59:00) [GET]
Redirected to http://localhost:3000/session/new
Filter chain halted as [:login_required] rendered_or_redirected.
Completed in 1ms (DB: 0) | 302 Found [http://localhost/session/new]


Processing SessionsController#new (for 127.0.0.1 at 2009-08-27 22:59:00) [GET]
Redirected to http://localhost:3000/session/new
Filter chain halted as [:login_required] rendered_or_redirected.
Completed in 1ms (DB: 0) | 302 Found [http://localhost/session/new]


Processing SessionsController#new (for 127.0.0.1 at 2009-08-27 22:59:00) [GET]
Redirected to http://localhost:3000/session/new
Filter chain halted as [:login_required] rendered_or_redirected.
Completed in 1ms (DB: 0) | 302 Found [http://localhost/session/new]


Processing SessionsController#new (for 127.0.0.1 at 2009-08-27 22:59:00) [GET]
Redirected to http://localhost:3000/session/new
Filter chain halted as [:login_required] rendered_or_redirected.
Completed in 1ms (DB: 0) | 302 Found [http://localhost/session/new]


Processing SessionsController#new (for 127.0.0.1 at 2009-08-27 22:59:00) [GET]
Redirected to http://localhost:3000/session/new
Filter chain halted as [:login_required] rendered_or_redirected.
Completed in 1ms (DB: 0) | 302 Found [http://localhost/session/new]


Processing SessionsController#new (for 127.0.0.1 at 2009-08-27 22:59:00) [GET]
Redirected to http://localhost:3000/session/new
Filter chain halted as [:login_required] rendered_or_redirected.
Completed in 1ms (DB: 0) | 302 Found [http://localhost/session/new]


Processing SessionsController#new (for 127.0.0.1 at 2009-08-27 22:59:00) [GET]
Redirected to http://localhost:3000/session/new
Filter chain halted as [:login_required] rendered_or_redirected.
Completed in 1ms (DB: 0) | 302 Found [http://localhost/session/new]


Processing SessionsController#new (for 127.0.0.1 at 2009-08-27 22:59:00) [GET]
Redirected to http://localhost:3000/session/new
Filter chain halted as [:login_required] rendered_or_redirected.
Completed in 1ms (DB: 0) | 302 Found [http://localhost/session/new]


Processing SessionsController#new (for 127.0.0.1 at 2009-08-27 22:59:00) [GET]
Redirected to http://localhost:3000/session/new
Filter chain halted as [:login_required] rendered_or_redirected.
Completed in 1ms (DB: 0) | 302 Found [http://localhost/session/new]


Processing SessionsController#new (for 127.0.0.1 at 2009-08-27 22:59:00) [GET]
Redirected to http://localhost:3000/session/new
Filter chain halted as [:login_required] rendered_or_redirected.
Completed in 1ms (DB: 0) | 302 Found [http://localhost/session/new]


Processing SessionsController#new (for 127.0.0.1 at 2009-08-27 22:59:00) [GET]
Redirected to http://localhost:3000/session/new
Filter chain halted as [:login_required] rendered_or_redirected.
Completed in 1ms (DB: 0) | 302 Found [http://localhost/session/new]


Processing SessionsController#new (for 127.0.0.1 at 2009-08-27 22:59:00) [GET]
Redirected to http://localhost:3000/session/new
Filter chain halted as [:login_required] rendered_or_redirected.
Completed in 1ms (DB: 0) | 302 Found [http://localhost/session/new]


Processing SessionsController#new (for 127.0.0.1 at 2009-08-27 22:59:01) [GET]
Redirected to http://localhost:3000/session/new
Filter chain halted as [:login_required] rendered_or_redirected.
Completed in 1ms (DB: 0) | 302 Found [http://localhost/session/new]


Processing SessionsController#new (for 127.0.0.1 at 2009-08-27 22:59:01) [GET]
Redirected to http://localhost:3000/session/new
Filter chain halted as [:login_required] rendered_or_redirected.
Completed in 1ms (DB: 0) | 302 Found [http://localhost/session/new]


Processing SessionsController#new (for 127.0.0.1 at 2009-08-27 22:59:01) [GET]
Redirected to http://localhost:3000/session/new
Filter chain halted as [:login_required] rendered_or_redirected.
Completed in 1ms (DB: 0) | 302 Found [http://localhost/session/new]


Processing SessionsController#new (for 127.0.0.1 at 2009-08-27 22:59:01) [GET]
Redirected to http://localhost:3000/session/new
Filter chain halted as [:login_required] rendered_or_redirected.
Completed in 1ms (DB: 0) | 302 Found [http://localhost/session/new]


Processing SessionsController#new (for 127.0.0.1 at 2009-08-27 22:59:01) [GET]
Redirected to http://localhost:3000/session/new
Filter chain halted as [:login_required] rendered_or_redirected.
Completed in 1ms (DB: 0) | 302 Found [http://localhost/session/new]


Processing ApplicationController#index (for 127.0.0.1 at 2009-08-27 23:00:39) [GET]

ActionController::RoutingError (No route matches "/" with {:method=>:get}):
  

Rendering rescues/layout (not_found)


Processing ProjectsController#index (for 127.0.0.1 at 2009-08-27 23:01:57) [GET]
Redirected to http://localhost:3000/session/new
Filter chain halted as [:login_required] rendered_or_redirected.
Completed in 1ms (DB: 0) | 302 Found [http://localhost/]


Processing SessionsController#new (for 127.0.0.1 at 2009-08-27 23:01:57) [GET]
Redirected to http://localhost:3000/session/new
Filter chain halted as [:login_required] rendered_or_redirected.
Completed in 1ms (DB: 0) | 302 Found [http://localhost/session/new]


Processing SessionsController#new (for 127.0.0.1 at 2009-08-27 23:01:57) [GET]
Redirected to http://localhost:3000/session/new
Filter chain halted as [:login_required] rendered_or_redirected.
Completed in 1ms (DB: 0) | 302 Found [http://localhost/session/new]


Processing SessionsController#new (for 127.0.0.1 at 2009-08-27 23:01:57) [GET]
Redirected to http://localhost:3000/session/new
Filter chain halted as [:login_required] rendered_or_redirected.
Completed in 1ms (DB: 0) | 302 Found [http://localhost/session/new]


Processing SessionsController#new (for 127.0.0.1 at 2009-08-27 23:01:57) [GET]
Redirected to http://localhost:3000/session/new
Filter chain halted as [:login_required] rendered_or_redirected.
Completed in 1ms (DB: 0) | 302 Found [http://localhost/session/new]


Processing SessionsController#new (for 127.0.0.1 at 2009-08-27 23:01:57) [GET]
Redirected to http://localhost:3000/session/new
Filter chain halted as [:login_required] rendered_or_redirected.
Completed in 1ms (DB: 0) | 302 Found [http://localhost/session/new]


Processing SessionsController#new (for 127.0.0.1 at 2009-08-27 23:01:57) [GET]
Redirected to http://localhost:3000/session/new
Filter chain halted as [:login_required] rendered_or_redirected.
Completed in 1ms (DB: 0) | 302 Found [http://localhost/session/new]


Processing SessionsController#new (for 127.0.0.1 at 2009-08-27 23:01:57) [GET]
Redirected to http://localhost:3000/session/new
Filter chain halted as [:login_required] rendered_or_redirected.
Completed in 1ms (DB: 0) | 302 Found [http://localhost/session/new]


Processing SessionsController#new (for 127.0.0.1 at 2009-08-27 23:01:57) [GET]
Redirected to http://localhost:3000/session/new
Filter chain halted as [:login_required] rendered_or_redirected.
Completed in 1ms (DB: 0) | 302 Found [http://localhost/session/new]


Processing SessionsController#new (for 127.0.0.1 at 2009-08-27 23:01:57) [GET]
Redirected to http://localhost:3000/session/new
Filter chain halted as [:login_required] rendered_or_redirected.
Completed in 1ms (DB: 0) | 302 Found [http://localhost/session/new]


Processing SessionsController#new (for 127.0.0.1 at 2009-08-27 23:01:57) [GET]
Redirected to http://localhost:3000/session/new
Filter chain halted as [:login_required] rendered_or_redirected.
Completed in 1ms (DB: 0) | 302 Found [http://localhost/session/new]


Processing SessionsController#new (for 127.0.0.1 at 2009-08-27 23:01:57) [GET]
Redirected to http://localhost:3000/session/new
Filter chain halted as [:login_required] rendered_or_redirected.
Completed in 1ms (DB: 0) | 302 Found [http://localhost/session/new]


Processing SessionsController#new (for 127.0.0.1 at 2009-08-27 23:01:57) [GET]
Redirected to http://localhost:3000/session/new
Filter chain halted as [:login_required] rendered_or_redirected.
Completed in 1ms (DB: 0) | 302 Found [http://localhost/session/new]


Processing SessionsController#new (for 127.0.0.1 at 2009-08-27 23:01:57) [GET]
Redirected to http://localhost:3000/session/new
Filter chain halted as [:login_required] rendered_or_redirected.
Completed in 1ms (DB: 0) | 302 Found [http://localhost/session/new]


Processing SessionsController#new (for 127.0.0.1 at 2009-08-27 23:01:57) [GET]
Redirected to http://localhost:3000/session/new
Filter chain halted as [:login_required] rendered_or_redirected.
Completed in 1ms (DB: 0) | 302 Found [http://localhost/session/new]


Processing SessionsController#new (for 127.0.0.1 at 2009-08-27 23:01:57) [GET]
Redirected to http://localhost:3000/session/new
Filter chain halted as [:login_required] rendered_or_redirected.
Completed in 1ms (DB: 0) | 302 Found [http://localhost/session/new]


Processing SessionsController#new (for 127.0.0.1 at 2009-08-27 23:01:57) [GET]
Redirected to http://localhost:3000/session/new
Filter chain halted as [:login_required] rendered_or_redirected.
Completed in 1ms (DB: 0) | 302 Found [http://localhost/session/new]


Processing SessionsController#new (for 127.0.0.1 at 2009-08-27 23:01:57) [GET]
Redirected to http://localhost:3000/session/new
Filter chain halted as [:login_required] rendered_or_redirected.
Completed in 1ms (DB: 0) | 302 Found [http://localhost/session/new]


Processing SessionsController#new (for 127.0.0.1 at 2009-08-27 23:01:57) [GET]
Redirected to http://localhost:3000/session/new
Filter chain halted as [:login_required] rendered_or_redirected.
Completed in 1ms (DB: 0) | 302 Found [http://localhost/session/new]


Processing SessionsController#new (for 127.0.0.1 at 2009-08-27 23:01:58) [GET]
Redirected to http://localhost:3000/session/new
Filter chain halted as [:login_required] rendered_or_redirected.
Completed in 1ms (DB: 0) | 302 Found [http://localhost/session/new]


Processing SessionsController#new (for 127.0.0.1 at 2009-08-27 23:01:58) [GET]
Redirected to http://localhost:3000/session/new
Filter chain halted as [:login_required] rendered_or_redirected.
Completed in 1ms (DB: 0) | 302 Found [http://localhost/session/new]


Processing ProjectsController#index (for 127.0.0.1 at 2009-08-27 23:02:10) [GET]
Redirected to http://localhost:3000/session/new
Filter chain halted as [:login_required] rendered_or_redirected.
Completed in 1ms (DB: 0) | 302 Found [http://localhost/]


Processing SessionsController#new (for 127.0.0.1 at 2009-08-27 23:02:10) [GET]
Redirected to http://localhost:3000/session/new
Filter chain halted as [:login_required] rendered_or_redirected.
Completed in 1ms (DB: 0) | 302 Found [http://localhost/session/new]


Processing SessionsController#new (for 127.0.0.1 at 2009-08-27 23:02:10) [GET]
Redirected to http://localhost:3000/session/new
Filter chain halted as [:login_required] rendered_or_redirected.
Completed in 1ms (DB: 0) | 302 Found [http://localhost/session/new]


Processing SessionsController#new (for 127.0.0.1 at 2009-08-27 23:02:10) [GET]
Redirected to http://localhost:3000/session/new
Filter chain halted as [:login_required] rendered_or_redirected.
Completed in 1ms (DB: 0) | 302 Found [http://localhost/session/new]


Processing SessionsController#new (for 127.0.0.1 at 2009-08-27 23:02:10) [GET]
Redirected to http://localhost:3000/session/new
Filter chain halted as [:login_required] rendered_or_redirected.
Completed in 1ms (DB: 0) | 302 Found [http://localhost/session/new]


Processing SessionsController#new (for 127.0.0.1 at 2009-08-27 23:02:10) [GET]
Redirected to http://localhost:3000/session/new
Filter chain halted as [:login_required] rendered_or_redirected.
Completed in 1ms (DB: 0) | 302 Found [http://localhost/session/new]


Processing SessionsController#new (for 127.0.0.1 at 2009-08-27 23:02:10) [GET]
Redirected to http://localhost:3000/session/new
Filter chain halted as [:login_required] rendered_or_redirected.
Completed in 1ms (DB: 0) | 302 Found [http://localhost/session/new]


Processing SessionsController#new (for 127.0.0.1 at 2009-08-27 23:02:10) [GET]
Redirected to http://localhost:3000/session/new
Filter chain halted as [:login_required] rendered_or_redirected.
Completed in 1ms (DB: 0) | 302 Found [http://localhost/session/new]


Processing SessionsController#new (for 127.0.0.1 at 2009-08-27 23:02:10) [GET]
Redirected to http://localhost:3000/session/new
Filter chain halted as [:login_required] rendered_or_redirected.
Completed in 1ms (DB: 0) | 302 Found [http://localhost/session/new]


Processing SessionsController#new (for 127.0.0.1 at 2009-08-27 23:02:10) [GET]
Redirected to http://localhost:3000/session/new
Filter chain halted as [:login_required] rendered_or_redirected.
Completed in 1ms (DB: 0) | 302 Found [http://localhost/session/new]


Processing SessionsController#new (for 127.0.0.1 at 2009-08-27 23:02:10) [GET]
Redirected to http://localhost:3000/session/new
Filter chain halted as [:login_required] rendered_or_redirected.
Completed in 1ms (DB: 0) | 302 Found [http://localhost/session/new]


Processing SessionsController#new (for 127.0.0.1 at 2009-08-27 23:02:10) [GET]
Redirected to http://localhost:3000/session/new
Filter chain halted as [:login_required] rendered_or_redirected.
Completed in 1ms (DB: 0) | 302 Found [http://localhost/session/new]


Processing SessionsController#new (for 127.0.0.1 at 2009-08-27 23:02:10) [GET]
Redirected to http://localhost:3000/session/new
Filter chain halted as [:login_required] rendered_or_redirected.
Completed in 1ms (DB: 0) | 302 Found [http://localhost/session/new]


Processing SessionsController#new (for 127.0.0.1 at 2009-08-27 23:02:10) [GET]
Redirected to http://localhost:3000/session/new
Filter chain halted as [:login_required] rendered_or_redirected.
Completed in 1ms (DB: 0) | 302 Found [http://localhost/session/new]


Processing SessionsController#new (for 127.0.0.1 at 2009-08-27 23:02:10) [GET]
Redirected to http://localhost:3000/session/new
Filter chain halted as [:login_required] rendered_or_redirected.
Completed in 1ms (DB: 0) | 302 Found [http://localhost/session/new]


Processing SessionsController#new (for 127.0.0.1 at 2009-08-27 23:02:10) [GET]
Redirected to http://localhost:3000/session/new
Filter chain halted as [:login_required] rendered_or_redirected.
Completed in 53ms (DB: 0) | 302 Found [http://localhost/session/new]


Processing SessionsController#new (for 127.0.0.1 at 2009-08-27 23:02:10) [GET]
Redirected to http://localhost:3000/session/new
Filter chain halted as [:login_required] rendered_or_redirected.
Completed in 1ms (DB: 0) | 302 Found [http://localhost/session/new]


Processing SessionsController#new (for 127.0.0.1 at 2009-08-27 23:02:11) [GET]
Redirected to http://localhost:3000/session/new
Filter chain halted as [:login_required] rendered_or_redirected.
Completed in 1ms (DB: 0) | 302 Found [http://localhost/session/new]


Processing SessionsController#new (for 127.0.0.1 at 2009-08-27 23:02:11) [GET]
Redirected to http://localhost:3000/session/new
Filter chain halted as [:login_required] rendered_or_redirected.
Completed in 1ms (DB: 0) | 302 Found [http://localhost/session/new]


Processing SessionsController#new (for 127.0.0.1 at 2009-08-27 23:02:11) [GET]
Redirected to http://localhost:3000/session/new
Filter chain halted as [:login_required] rendered_or_redirected.
Completed in 1ms (DB: 0) | 302 Found [http://localhost/session/new]


Processing SessionsController#new (for 127.0.0.1 at 2009-08-27 23:02:11) [GET]
Redirected to http://localhost:3000/session/new
Filter chain halted as [:login_required] rendered_or_redirected.
Completed in 1ms (DB: 0) | 302 Found [http://localhost/session/new]


Processing ProjectsController#index (for 127.0.0.1 at 2009-08-27 23:03:11) [GET]
Redirected to http://localhost:3000/session/new
Filter chain halted as [:login_required] rendered_or_redirected.
Completed in 1ms (DB: 0) | 302 Found [http://localhost/]


Processing SessionsController#new (for 127.0.0.1 at 2009-08-27 23:03:11) [GET]
Redirected to http://localhost:3000/session/new
Filter chain halted as [:login_required] rendered_or_redirected.
Completed in 1ms (DB: 0) | 302 Found [http://localhost/session/new]


Processing SessionsController#new (for 127.0.0.1 at 2009-08-27 23:03:11) [GET]
Redirected to http://localhost:3000/session/new
Filter chain halted as [:login_required] rendered_or_redirected.
Completed in 1ms (DB: 0) | 302 Found [http://localhost/session/new]


Processing SessionsController#new (for 127.0.0.1 at 2009-08-27 23:03:11) [GET]
Redirected to http://localhost:3000/session/new
Filter chain halted as [:login_required] rendered_or_redirected.
Completed in 1ms (DB: 0) | 302 Found [http://localhost/session/new]


Processing SessionsController#new (for 127.0.0.1 at 2009-08-27 23:03:11) [GET]
Redirected to http://localhost:3000/session/new
Filter chain halted as [:login_required] rendered_or_redirected.
Completed in 1ms (DB: 0) | 302 Found [http://localhost/session/new]


Processing SessionsController#new (for 127.0.0.1 at 2009-08-27 23:03:11) [GET]
Redirected to http://localhost:3000/session/new
Filter chain halted as [:login_required] rendered_or_redirected.
Completed in 1ms (DB: 0) | 302 Found [http://localhost/session/new]


Processing SessionsController#new (for 127.0.0.1 at 2009-08-27 23:03:11) [GET]
Redirected to http://localhost:3000/session/new
Filter chain halted as [:login_required] rendered_or_redirected.
Completed in 1ms (DB: 0) | 302 Found [http://localhost/session/new]


Processing SessionsController#new (for 127.0.0.1 at 2009-08-27 23:03:11) [GET]
Redirected to http://localhost:3000/session/new
Filter chain halted as [:login_required] rendered_or_redirected.
Completed in 1ms (DB: 0) | 302 Found [http://localhost/session/new]


Processing SessionsController#new (for 127.0.0.1 at 2009-08-27 23:03:11) [GET]
Redirected to http://localhost:3000/session/new
Filter chain halted as [:login_required] rendered_or_redirected.
Completed in 1ms (DB: 0) | 302 Found [http://localhost/session/new]


Processing SessionsController#new (for 127.0.0.1 at 2009-08-27 23:03:11) [GET]
Redirected to http://localhost:3000/session/new
Filter chain halted as [:login_required] rendered_or_redirected.
Completed in 1ms (DB: 0) | 302 Found [http://localhost/session/new]


Processing SessionsController#new (for 127.0.0.1 at 2009-08-27 23:03:12) [GET]
Redirected to http://localhost:3000/session/new
Filter chain halted as [:login_required] rendered_or_redirected.
Completed in 1ms (DB: 0) | 302 Found [http://localhost/session/new]


Processing SessionsController#new (for 127.0.0.1 at 2009-08-27 23:03:12) [GET]
Redirected to http://localhost:3000/session/new
Filter chain halted as [:login_required] rendered_or_redirected.
Completed in 1ms (DB: 0) | 302 Found [http://localhost/session/new]


Processing SessionsController#new (for 127.0.0.1 at 2009-08-27 23:03:12) [GET]
Redirected to http://localhost:3000/session/new
Filter chain halted as [:login_required] rendered_or_redirected.
Completed in 1ms (DB: 0) | 302 Found [http://localhost/session/new]


Processing SessionsController#new (for 127.0.0.1 at 2009-08-27 23:03:12) [GET]
Redirected to http://localhost:3000/session/new
Filter chain halted as [:login_required] rendered_or_redirected.
Completed in 1ms (DB: 0) | 302 Found [http://localhost/session/new]


Processing SessionsController#new (for 127.0.0.1 at 2009-08-27 23:03:13) [GET]
Redirected to http://localhost:3000/session/new
Filter chain halted as [:login_required] rendered_or_redirected.
Completed in 1ms (DB: 0) | 302 Found [http://localhost/session/new]


Processing SessionsController#new (for 127.0.0.1 at 2009-08-27 23:03:13) [GET]
Redirected to http://localhost:3000/session/new
Filter chain halted as [:login_required] rendered_or_redirected.
Completed in 1ms (DB: 0) | 302 Found [http://localhost/session/new]


Processing SessionsController#new (for 127.0.0.1 at 2009-08-27 23:03:13) [GET]
Redirected to http://localhost:3000/session/new
Filter chain halted as [:login_required] rendered_or_redirected.
Completed in 1ms (DB: 0) | 302 Found [http://localhost/session/new]


Processing SessionsController#new (for 127.0.0.1 at 2009-08-27 23:03:13) [GET]
Redirected to http://localhost:3000/session/new
Filter chain halted as [:login_required] rendered_or_redirected.
Completed in 1ms (DB: 0) | 302 Found [http://localhost/session/new]


Processing SessionsController#new (for 127.0.0.1 at 2009-08-27 23:03:13) [GET]
Redirected to http://localhost:3000/session/new
Filter chain halted as [:login_required] rendered_or_redirected.
Completed in 1ms (DB: 0) | 302 Found [http://localhost/session/new]


Processing SessionsController#new (for 127.0.0.1 at 2009-08-27 23:03:13) [GET]
Redirected to http://localhost:3000/session/new
Filter chain halted as [:login_required] rendered_or_redirected.
Completed in 1ms (DB: 0) | 302 Found [http://localhost/session/new]


Processing SessionsController#new (for 127.0.0.1 at 2009-08-27 23:03:13) [GET]
Redirected to http://localhost:3000/session/new
Filter chain halted as [:login_required] rendered_or_redirected.
Completed in 1ms (DB: 0) | 302 Found [http://localhost/session/new]


Processing ProjectsController#index (for 127.0.0.1 at 2009-08-27 23:03:52) [GET]
Redirected to http://localhost:3000/session/new
Filter chain halted as [:login_required] rendered_or_redirected.
Completed in 1ms (DB: 0) | 302 Found [http://localhost/]


Processing SessionsController#new (for 127.0.0.1 at 2009-08-27 23:03:52) [GET]
Redirected to http://localhost:3000/session/new
Filter chain halted as [:login_required] rendered_or_redirected.
Completed in 1ms (DB: 0) | 302 Found [http://localhost/session/new]


Processing SessionsController#new (for 127.0.0.1 at 2009-08-27 23:03:52) [GET]
Redirected to http://localhost:3000/session/new
Filter chain halted as [:login_required] rendered_or_redirected.
Completed in 1ms (DB: 0) | 302 Found [http://localhost/session/new]


Processing SessionsController#new (for 127.0.0.1 at 2009-08-27 23:03:53) [GET]
Redirected to http://localhost:3000/session/new
Filter chain halted as [:login_required] rendered_or_redirected.
Completed in 1ms (DB: 0) | 302 Found [http://localhost/session/new]


Processing SessionsController#new (for 127.0.0.1 at 2009-08-27 23:03:53) [GET]
Redirected to http://localhost:3000/session/new
Filter chain halted as [:login_required] rendered_or_redirected.
Completed in 1ms (DB: 0) | 302 Found [http://localhost/session/new]


Processing SessionsController#new (for 127.0.0.1 at 2009-08-27 23:03:53) [GET]
Redirected to http://localhost:3000/session/new
Filter chain halted as [:login_required] rendered_or_redirected.
Completed in 1ms (DB: 0) | 302 Found [http://localhost/session/new]


Processing SessionsController#new (for 127.0.0.1 at 2009-08-27 23:03:53) [GET]
Redirected to http://localhost:3000/session/new
Filter chain halted as [:login_required] rendered_or_redirected.
Completed in 1ms (DB: 0) | 302 Found [http://localhost/session/new]


Processing SessionsController#new (for 127.0.0.1 at 2009-08-27 23:03:53) [GET]
Redirected to http://localhost:3000/session/new
Filter chain halted as [:login_required] rendered_or_redirected.
Completed in 1ms (DB: 0) | 302 Found [http://localhost/session/new]


Processing SessionsController#new (for 127.0.0.1 at 2009-08-27 23:03:53) [GET]
Redirected to http://localhost:3000/session/new
Filter chain halted as [:login_required] rendered_or_redirected.
Completed in 1ms (DB: 0) | 302 Found [http://localhost/session/new]


Processing SessionsController#new (for 127.0.0.1 at 2009-08-27 23:03:53) [GET]
Redirected to http://localhost:3000/session/new
Filter chain halted as [:login_required] rendered_or_redirected.
Completed in 1ms (DB: 0) | 302 Found [http://localhost/session/new]


Processing SessionsController#new (for 127.0.0.1 at 2009-08-27 23:03:53) [GET]
Redirected to http://localhost:3000/session/new
Filter chain halted as [:login_required] rendered_or_redirected.
Completed in 1ms (DB: 0) | 302 Found [http://localhost/session/new]


Processing SessionsController#new (for 127.0.0.1 at 2009-08-27 23:03:53) [GET]
Redirected to http://localhost:3000/session/new
Filter chain halted as [:login_required] rendered_or_redirected.
Completed in 1ms (DB: 0) | 302 Found [http://localhost/session/new]


Processing SessionsController#new (for 127.0.0.1 at 2009-08-27 23:03:53) [GET]
Redirected to http://localhost:3000/session/new
Filter chain halted as [:login_required] rendered_or_redirected.
Completed in 1ms (DB: 0) | 302 Found [http://localhost/session/new]


Processing SessionsController#new (for 127.0.0.1 at 2009-08-27 23:03:53) [GET]
Redirected to http://localhost:3000/session/new
Filter chain halted as [:login_required] rendered_or_redirected.
Completed in 1ms (DB: 0) | 302 Found [http://localhost/session/new]


Processing SessionsController#new (for 127.0.0.1 at 2009-08-27 23:03:53) [GET]
Redirected to http://localhost:3000/session/new
Filter chain halted as [:login_required] rendered_or_redirected.
Completed in 1ms (DB: 0) | 302 Found [http://localhost/session/new]


Processing SessionsController#new (for 127.0.0.1 at 2009-08-27 23:03:53) [GET]
Redirected to http://localhost:3000/session/new
Filter chain halted as [:login_required] rendered_or_redirected.
Completed in 1ms (DB: 0) | 302 Found [http://localhost/session/new]


Processing SessionsController#new (for 127.0.0.1 at 2009-08-27 23:03:53) [GET]
Redirected to http://localhost:3000/session/new
Filter chain halted as [:login_required] rendered_or_redirected.
Completed in 1ms (DB: 0) | 302 Found [http://localhost/session/new]


Processing SessionsController#new (for 127.0.0.1 at 2009-08-27 23:03:53) [GET]
Redirected to http://localhost:3000/session/new
Filter chain halted as [:login_required] rendered_or_redirected.
Completed in 1ms (DB: 0) | 302 Found [http://localhost/session/new]


Processing SessionsController#new (for 127.0.0.1 at 2009-08-27 23:03:53) [GET]
Redirected to http://localhost:3000/session/new
Filter chain halted as [:login_required] rendered_or_redirected.
Completed in 1ms (DB: 0) | 302 Found [http://localhost/session/new]


Processing SessionsController#new (for 127.0.0.1 at 2009-08-27 23:03:53) [GET]
Redirected to http://localhost:3000/session/new
Filter chain halted as [:login_required] rendered_or_redirected.
Completed in 1ms (DB: 0) | 302 Found [http://localhost/session/new]


Processing SessionsController#new (for 127.0.0.1 at 2009-08-27 23:03:53) [GET]
Redirected to http://localhost:3000/session/new
Filter chain halted as [:login_required] rendered_or_redirected.
Completed in 1ms (DB: 0) | 302 Found [http://localhost/session/new]


Processing ProjectsController#index (for 127.0.0.1 at 2009-08-27 23:10:19) [GET]
Redirected to http://localhost:3000/session/new
Filter chain halted as [:login_required] rendered_or_redirected.
Completed in 1ms (DB: 0) | 302 Found [http://localhost/]


Processing SessionsController#new (for 127.0.0.1 at 2009-08-27 23:10:19) [GET]
Rendering template within layouts/main
Rendering sessions/new

ActionView::TemplateError (Missing template sessions/_user_bar.erb in view path app/views) on line #11 of app/views/layouts/main.html.erb:
8:   <%= stylesheet_link_tag 'scaffold' %>
9: </head>
10: <body>
11: <%= render :partial => "user_bar" %>
12: <br />
13: <p style="color: green"><%= flash[:notice] %></p>
14: 

    app/views/layouts/main.html.erb:11

Rendered rescues/_trace (36.4ms)
Rendered rescues/_request_and_response (1.3ms)
Rendering rescues/layout (internal_server_error)


Processing ProjectsController#index (for 127.0.0.1 at 2009-08-27 23:10:41) [GET]
Redirected to http://localhost:3000/session/new
Filter chain halted as [:login_required] rendered_or_redirected.
Completed in 1ms (DB: 0) | 302 Found [http://localhost/]


Processing SessionsController#new (for 127.0.0.1 at 2009-08-27 23:10:41) [GET]
Rendering template within layouts/main
Rendering sessions/new
Rendered layouts/_user_bar (0.9ms)
Completed in 9ms (View: 7, DB: 0) | 200 OK [http://localhost/session/new]


Processing UsersController#new (for 127.0.0.1 at 2009-08-27 23:10:49) [GET]
Redirected to http://localhost:3000/session/new
Filter chain halted as [:login_required] rendered_or_redirected.
Completed in 1ms (DB: 0) | 302 Found [http://localhost/signup]


Processing SessionsController#new (for 127.0.0.1 at 2009-08-27 23:10:50) [GET]
Rendering template within layouts/main
Rendering sessions/new
Rendered layouts/_user_bar (0.3ms)
Completed in 3ms (View: 2, DB: 0) | 200 OK [http://localhost/session/new]


Processing UsersController#new (for 127.0.0.1 at 2009-08-27 23:10:52) [GET]
Redirected to http://localhost:3000/session/new
Filter chain halted as [:login_required] rendered_or_redirected.
Completed in 1ms (DB: 0) | 302 Found [http://localhost/signup]


Processing SessionsController#new (for 127.0.0.1 at 2009-08-27 23:10:53) [GET]
Rendering template within layouts/main
Rendering sessions/new
Rendered layouts/_user_bar (0.3ms)
Completed in 3ms (View: 2, DB: 0) | 200 OK [http://localhost/session/new]


Processing UsersController#new (for 127.0.0.1 at 2009-08-27 23:10:54) [GET]
Redirected to http://localhost:3000/session/new
Filter chain halted as [:login_required] rendered_or_redirected.
Completed in 1ms (DB: 0) | 302 Found [http://localhost/signup]


Processing SessionsController#new (for 127.0.0.1 at 2009-08-27 23:10:54) [GET]
Rendering template within layouts/main
Rendering sessions/new
Rendered layouts/_user_bar (0.2ms)
Completed in 3ms (View: 2, DB: 0) | 200 OK [http://localhost/session/new]


Processing SessionsController#new (for 127.0.0.1 at 2009-08-27 23:11:00) [GET]
Rendering template within layouts/main
Rendering sessions/new
Rendered layouts/_user_bar (0.2ms)
Completed in 3ms (View: 2, DB: 0) | 200 OK [http://localhost/login]


Processing UsersController#new (for 127.0.0.1 at 2009-08-27 23:11:01) [GET]
Redirected to http://localhost:3000/session/new
Filter chain halted as [:login_required] rendered_or_redirected.
Completed in 1ms (DB: 0) | 302 Found [http://localhost/signup]


Processing SessionsController#new (for 127.0.0.1 at 2009-08-27 23:11:01) [GET]
Rendering template within layouts/main
Rendering sessions/new
Rendered layouts/_user_bar (0.2ms)
Completed in 3ms (View: 2, DB: 0) | 200 OK [http://localhost/session/new]


Processing UsersController#new (for 127.0.0.1 at 2009-08-27 23:12:05) [GET]

NameError (uninitialized constant User::Authentication):
  app/models/user.rb:4
  app/controllers/users_controller.rb:5:in `new'

Rendered rescues/_trace (31.2ms)
Rendered rescues/_request_and_response (0.3ms)
Rendering rescues/layout (internal_server_error)


Processing UsersController#new (for 127.0.0.1 at 2009-08-27 23:12:27) [GET]

NameError (uninitialized constant User::Authentication):
  app/models/user.rb:4
  app/controllers/users_controller.rb:6:in `new'

Rendered rescues/_trace (33.9ms)
Rendered rescues/_request_and_response (0.6ms)
Rendering rescues/layout (internal_server_error)


Processing UsersController#new (for 127.0.0.1 at 2009-08-27 23:13:12) [GET]
Rendering template within layouts/main
Rendering users/new
Rendered layouts/_user_bar (0.9ms)
Completed in 97ms (View: 14, DB: 0) | 200 OK [http://localhost/signup]


Processing UsersController#create (for 127.0.0.1 at 2009-08-27 23:13:30) [POST]
  Parameters: {"user"=>{"password_confirmation"=>"rolltide5357", "password"=>"rolltide5357", "login"=>"yelvert", "email"=>"tny5357@gmail.com"}, "commit"=>"Sign up", "authenticity_token"=>"37ER0mQt5rOPusS5BIaVVUZXLARo5sRs3ZIjElS6Koo="}
  [4;36;1mUser Load (0.2ms)[0m   [0;1mSELECT "users".id FROM "users" WHERE ("users"."login" = 'yelvert') LIMIT 1[0m
  [4;35;1mUser Load (0.1ms)[0m   [0mSELECT "users".id FROM "users" WHERE ("users"."email" = 'tny5357@gmail.com') LIMIT 1[0m
  [4;36;1mUser Create (0.5ms)[0m   [0;1mINSERT INTO "users" ("name", "salt", "updated_at", "crypted_password", "remember_token_expires_at", "remember_token", "login", "email", "created_at") VALUES('', '25f2a23a3ff88ebc12e82a113d12d26306072f7a', '2009-08-28 04:13:30', '20ebc59b41a4d3e061a861701b248bad4f3201da', NULL, NULL, 'yelvert', 'tny5357@gmail.com', '2009-08-28 04:13:30')[0m
Redirected to http://localhost:3000/signup
Completed in 34ms (DB: 1) | 302 Found [http://localhost/users]


Processing UsersController#new (for 127.0.0.1 at 2009-08-27 23:13:30) [GET]
Rendering template within layouts/main
Rendering users/new
  [4;35;1mUser Load (0.4ms)[0m   [0mSELECT * FROM "users" WHERE ("users"."id" = 1) LIMIT 1[0m
Rendered layouts/_user_bar (1.5ms)
Completed in 16ms (View: 5, DB: 0) | 200 OK [http://localhost/signup]
  [4;36;1mUser Load (0.5ms)[0m   [0;1mSELECT * FROM "users" LIMIT 1[0m
  [4;35;1mUser Load (0.5ms)[0m   [0mSELECT * FROM "users" LIMIT 1[0m
  [4;36;1mUser Destroy (0.5ms)[0m   [0;1mDELETE FROM "users" WHERE "id" = 1[0m


Processing UsersController#create (for 127.0.0.1 at 2009-08-27 23:15:06) [POST]
  Parameters: {"user"=>{"password_confirmation"=>"rolltide5357", "password"=>"rolltide5357", "login"=>"yelvert", "email"=>"tny5357@gmail.com"}, "commit"=>"Sign up", "authenticity_token"=>"37ER0mQt5rOPusS5BIaVVUZXLARo5sRs3ZIjElS6Koo="}
  [4;36;1mUser Load (0.1ms)[0m   [0;1mSELECT "users".id FROM "users" WHERE ("users"."login" = 'yelvert') LIMIT 1[0m
  [4;35;1mUser Load (0.1ms)[0m   [0mSELECT "users".id FROM "users" WHERE ("users"."email" = 'tny5357@gmail.com') LIMIT 1[0m
  [4;36;1mUser Create (0.3ms)[0m   [0;1mINSERT INTO "users" ("name", "salt", "updated_at", "crypted_password", "remember_token_expires_at", "remember_token", "login", "email", "created_at") VALUES('', '779295594bf66cfbff9545fdd9c1af2fec969703', '2009-08-28 04:15:06', 'd33437994ad47b3ed40afc0cc2ca2ddc721fae4f', NULL, NULL, 'yelvert', 'tny5357@gmail.com', '2009-08-28 04:15:06')[0m
Redirected to http://localhost:3000/
Completed in 14ms (DB: 0) | 302 Found [http://localhost/users]


Processing ProjectsController#index (for 127.0.0.1 at 2009-08-27 23:15:06) [GET]
  [4;35;1mUser Load (0.3ms)[0m   [0mSELECT * FROM "users" WHERE ("users"."id" = 2) LIMIT 1[0m
  [4;36;1mProject Load (0.0ms)[0m   [0;1mSQLite3::SQLException: no such table: projects: SELECT * FROM "projects" [0m

ActiveRecord::StatementInvalid (SQLite3::SQLException: no such table: projects: SELECT * FROM "projects" ):
  app/controllers/projects_controller.rb:5:in `index'

Rendered rescues/_trace (38.9ms)
Rendered rescues/_request_and_response (1.6ms)
Rendering rescues/layout (internal_server_error)
  [4;36;1mSQL (0.4ms)[0m   [0;1m SELECT name
 FROM sqlite_master
 WHERE type = 'table' AND NOT name = 'sqlite_sequence'
[0m
  [4;35;1mSQL (0.1ms)[0m   [0mSELECT version FROM schema_migrations[0m
Migrating to CreateUsers (20090828014156)
Migrating to CreateProjects (20090828031139)
  [4;36;1mSQL (0.1ms)[0m   [0;1mselect sqlite_version(*)[0m
  [4;35;1mSQL (0.5ms)[0m   [0mCREATE TABLE "projects" ("id" INTEGER PRIMARY KEY AUTOINCREMENT NOT NULL, "owner_id" integer, "name" varchar(255), "created_at" datetime, "updated_at" datetime) [0m
  [4;36;1mSQL (0.2ms)[0m   [0;1mINSERT INTO schema_migrations (version) VALUES ('20090828031139')[0m
Migrating to CreateUserProjects (20090828031213)
  [4;35;1mSQL (0.4ms)[0m   [0mCREATE TABLE "user_projects" ("id" INTEGER PRIMARY KEY AUTOINCREMENT NOT NULL, "user_id" integer, "project_id" integer, "created_at" datetime, "updated_at" datetime) [0m
  [4;36;1mSQL (0.1ms)[0m   [0;1mINSERT INTO schema_migrations (version) VALUES ('20090828031213')[0m
  [4;35;1mSQL (0.4ms)[0m   [0m SELECT name
 FROM sqlite_master
 WHERE type = 'table' AND NOT name = 'sqlite_sequence'
[0m
  [4;36;1mSQL (0.4ms)[0m   [0;1mSELECT version FROM schema_migrations[0m
  [4;35;1mSQL (0.3ms)[0m   [0m SELECT name
 FROM sqlite_master
 WHERE type = 'table' AND NOT name = 'sqlite_sequence'
[0m
  [4;36;1mSQL (0.0ms)[0m   [0;1mPRAGMA index_list("projects")[0m
  [4;35;1mSQL (0.0ms)[0m   [0mPRAGMA index_list("user_projects")[0m
  [4;36;1mSQL (0.1ms)[0m   [0;1mPRAGMA index_list("users")[0m
  [4;35;1mSQL (0.2ms)[0m   [0mPRAGMA index_info('index_users_on_login')[0m


Processing ProjectsController#index (for 127.0.0.1 at 2009-08-27 23:15:21) [GET]
  [4;35;1mUser Load (0.3ms)[0m   [0mSELECT * FROM "users" WHERE ("users"."id" = 2) LIMIT 1[0m
  [4;36;1mProject Load (0.1ms)[0m   [0;1mSELECT * FROM "projects" [0m
Rendering template within layouts/projects
Rendering projects/index
Completed in 19ms (View: 8, DB: 0) | 200 OK [http://localhost/]


Processing ProjectsController#new (for 127.0.0.1 at 2009-08-27 23:21:32) [GET]
  [4;35;1mUser Load (0.3ms)[0m   [0mSELECT * FROM "users" WHERE ("users"."id" = 2) LIMIT 1[0m
Rendering template within layouts/projects
Rendering projects/new
Completed in 16ms (View: 4, DB: 0) | 200 OK [http://localhost/projects/new]


Processing ProjectsController#create (for 127.0.0.1 at 2009-08-27 23:21:48) [POST]
  Parameters: {"commit"=>"Create", "project"=>{"name"=>"test project"}, "authenticity_token"=>"37ER0mQt5rOPusS5BIaVVUZXLARo5sRs3ZIjElS6Koo="}
  [4;36;1mUser Load (0.3ms)[0m   [0;1mSELECT * FROM "users" WHERE ("users"."id" = 2) LIMIT 1[0m
  [4;35;1mProject Create (0.4ms)[0m   [0mINSERT INTO "projects" ("name", "updated_at", "owner_id", "created_at") VALUES('test project', '2009-08-28 04:21:48', 2, '2009-08-28 04:21:48')[0m
Redirected to http://localhost:3000/projects/1
Completed in 17ms (DB: 1) | 302 Found [http://localhost/projects]


Processing ProjectsController#show (for 127.0.0.1 at 2009-08-27 23:21:48) [GET]
  Parameters: {"id"=>"1"}
  [4;36;1mUser Load (0.3ms)[0m   [0;1mSELECT * FROM "users" WHERE ("users"."id" = 2) LIMIT 1[0m

NameError (uninitialized constant User::UserProject):
  app/controllers/projects_controller.rb:93:in `is_part_of_project'

Rendered rescues/_trace (33.5ms)
Rendered rescues/_request_and_response (0.5ms)
Rendering rescues/layout (internal_server_error)
  [4;36;1mSQL (0.6ms)[0m   [0;1m SELECT name
 FROM sqlite_master
 WHERE type = 'table' AND NOT name = 'sqlite_sequence'
[0m
  [4;35;1mSQL (0.2ms)[0m   [0mSELECT version FROM schema_migrations[0m
Migrating to CreateUsers (20090828014156)
Migrating to CreateProjects (20090828031139)
Migrating to CreateUserProjects (20090828042323)
  [4;36;1mSQL (0.1ms)[0m   [0;1mselect sqlite_version(*)[0m
  [4;35;1mSQL (0.0ms)[0m   [0mSQLite3::SQLException: table "user_projects" already exists: CREATE TABLE "user_projects" ("id" INTEGER PRIMARY KEY AUTOINCREMENT NOT NULL, "user_id" integer, "project_id" integer, "created_at" datetime, "updated_at" datetime) [0m
  [4;36;1mSQL (0.6ms)[0m   [0;1m SELECT name
 FROM sqlite_master
 WHERE type = 'table' AND NOT name = 'sqlite_sequence'
[0m
  [4;35;1mSQL (0.2ms)[0m   [0mSELECT version FROM schema_migrations[0m
  [4;36;1mSQL (0.1ms)[0m   [0;1mselect sqlite_version(*)[0m
  [4;35;1mSQL (0.3ms)[0m   [0m SELECT name
 FROM sqlite_master
 WHERE type = 'table' AND NOT name = 'sqlite_sequence'
[0m
  [4;36;1mSQL (0.2ms)[0m   [0;1mSELECT version FROM schema_migrations[0m
  [4;35;1mSQL (0.3ms)[0m   [0m SELECT name
 FROM sqlite_master
 WHERE type = 'table' AND NOT name = 'sqlite_sequence'
[0m
  [4;36;1mSQL (0.0ms)[0m   [0;1mPRAGMA index_list("projects")[0m
  [4;35;1mSQL (0.0ms)[0m   [0mPRAGMA index_list("user_projects")[0m
  [4;36;1mSQL (0.1ms)[0m   [0;1mPRAGMA index_list("users")[0m
  [4;35;1mSQL (0.2ms)[0m   [0mPRAGMA index_info('index_users_on_login')[0m
  [4;36;1mSQL (0.6ms)[0m   [0;1m SELECT name
 FROM sqlite_master
 WHERE type = 'table' AND NOT name = 'sqlite_sequence'
[0m
  [4;35;1mSQL (0.2ms)[0m   [0mSELECT version FROM schema_migrations[0m
  [4;36;1mSQL (0.1ms)[0m   [0;1mselect sqlite_version(*)[0m
  [4;35;1mSQL (0.0ms)[0m   [0mSQLite3::SQLException: table "user_projects" already exists: CREATE TABLE "user_projects" ("id" INTEGER PRIMARY KEY AUTOINCREMENT NOT NULL, "user_id" integer, "project_id" integer, "created_at" datetime, "updated_at" datetime) [0m
  [4;36;1mSQL (0.5ms)[0m   [0;1m SELECT name
 FROM sqlite_master
 WHERE type = 'table' AND NOT name = 'sqlite_sequence'
[0m
  [4;35;1mSQL (0.3ms)[0m   [0mSELECT version FROM schema_migrations[0m
Migrating to CreateUsers (20090828014156)
Migrating to CreateProjects (20090828031139)
Migrating to CreateUserProjects (20090828042323)
  [4;36;1mSQL (0.1ms)[0m   [0;1mselect sqlite_version(*)[0m
  [4;35;1mSQL (0.5ms)[0m   [0mCREATE TABLE "user_projects" ("id" INTEGER PRIMARY KEY AUTOINCREMENT NOT NULL, "user_id" integer, "project_id" integer, "created_at" datetime, "updated_at" datetime) [0m
  [4;36;1mSQL (0.1ms)[0m   [0;1mINSERT INTO schema_migrations (version) VALUES ('20090828042323')[0m
  [4;35;1mSQL (0.4ms)[0m   [0m SELECT name
 FROM sqlite_master
 WHERE type = 'table' AND NOT name = 'sqlite_sequence'
[0m
  [4;36;1mSQL (0.5ms)[0m   [0;1mSELECT version FROM schema_migrations[0m
  [4;35;1mSQL (0.4ms)[0m   [0m SELECT name
 FROM sqlite_master
 WHERE type = 'table' AND NOT name = 'sqlite_sequence'
[0m
  [4;36;1mSQL (0.0ms)[0m   [0;1mPRAGMA index_list("projects")[0m
  [4;35;1mSQL (0.0ms)[0m   [0mPRAGMA index_list("user_projects")[0m
  [4;36;1mSQL (0.1ms)[0m   [0;1mPRAGMA index_list("users")[0m
  [4;35;1mSQL (0.2ms)[0m   [0mPRAGMA index_info('index_users_on_login')[0m


Processing ProjectsController#show (for 127.0.0.1 at 2009-08-27 23:25:26) [GET]
  Parameters: {"id"=>"1"}
  [4;35;1mUser Load (0.3ms)[0m   [0mSELECT * FROM "users" WHERE ("users"."id" = 2) LIMIT 1[0m
  [4;36;1mProject Load (0.2ms)[0m   [0;1mSELECT "projects".id FROM "projects" INNER JOIN "user_projects" ON "projects".id = "user_projects".project_id WHERE (("user_projects".user_id = 2)) [0m
  [4;35;1mProject Load (0.2ms)[0m   [0mSELECT * FROM "projects" WHERE ("projects"."id" = 1) [0m
Rendering template within layouts/projects
Rendering projects/show
Completed in 101ms (View: 5, DB: 1) | 200 OK [http://localhost/projects/1]


Processing ProjectsController#edit (for 127.0.0.1 at 2009-08-27 23:25:32) [GET]
  Parameters: {"id"=>"1"}
  [4;36;1mUser Load (0.3ms)[0m   [0;1mSELECT * FROM "users" WHERE ("users"."id" = 2) LIMIT 1[0m
  [4;35;1mProject Load (0.2ms)[0m   [0mSELECT * FROM "projects" WHERE ("projects"."id" = 1) [0m
  [4;36;1mUser Load (0.2ms)[0m   [0;1mSELECT * FROM "users" WHERE ("users"."id" = 2) [0m
  [4;35;1mCACHE (0.0ms)[0m   [0mSELECT * FROM "projects" WHERE ("projects"."id" = 1) [0m
Rendering template within layouts/projects
Rendering projects/edit
Completed in 18ms (View: 5, DB: 1) | 200 OK [http://localhost/projects/1/edit]
